<?xml version="1.0" encoding="UTF-8"?>
<testsuites name="Mocha Tests" time="0" tests="1" failures="1">
  <testsuite name="Root Suite" timestamp="2021-11-12T02:58:34" tests="0" file="tests/e2e/specs/test.js" failures="0" time="0">
  </testsuite>
  <testsuite name="My First Test" timestamp="2021-11-12T02:58:34" tests="1" failures="1" time="0">
    <testcase name="My First Test Visits the app root url" time="0" classname="Visits the app root url">
      <failure message="cy.visit() failed trying to load:

/

We failed looking for this file at the path:

/Users/yuchao/Workspace/demos/widgets-vue3/

The internal Cypress web server responded with:

  &gt; 404: Not Found" type="CypressError"><![CDATA[CypressError: cy.visit() failed trying to load:

/

We failed looking for this file at the path:

/Users/yuchao/Workspace/demos/widgets-vue3/

The internal Cypress web server responded with:

  > 404: Not Found
    at Object.cypressErr (http://localhost:62613/__cypress/runner/cypress_runner.js:86207:11)
    at Object.throwErr (http://localhost:62613/__cypress/runner/cypress_runner.js:86162:18)
    at Object.throwErrByPath (http://localhost:62613/__cypress/runner/cypress_runner.js:86194:17)
    at http://localhost:62613/__cypress/runner/cypress_runner.js:71493:31
    at visitFailedByErr (http://localhost:62613/__cypress/runner/cypress_runner.js:71006:12)
    at http://localhost:62613/__cypress/runner/cypress_runner.js:71474:22
    at tryCatcher (http://localhost:62613/__cypress/runner/cypress_runner.js:120203:23)
    at Promise._settlePromiseFromHandler (http://localhost:62613/__cypress/runner/cypress_runner.js:118139:31)
    at Promise._settlePromise (http://localhost:62613/__cypress/runner/cypress_runner.js:118196:18)
    at Promise._settlePromise0 (http://localhost:62613/__cypress/runner/cypress_runner.js:118241:10)
    at Promise._settlePromises (http://localhost:62613/__cypress/runner/cypress_runner.js:118316:18)
    at Async../node_modules/bluebird/js/release/async.js.Async._drainQueue (http://localhost:62613/__cypress/runner/cypress_runner.js:114928:16)
    at Async../node_modules/bluebird/js/release/async.js.Async._drainQueues (http://localhost:62613/__cypress/runner/cypress_runner.js:114938:10)
    at Async.drainQueues (http://localhost:62613/__cypress/runner/cypress_runner.js:114812:14)]]></failure>
    </testcase>
  </testsuite>
</testsuites>